[debug] [2019-06-13T16:04:41.056Z] ----------------------------------------------------------------------
[debug] [2019-06-13T16:04:41.058Z] Command:       /home/caelin/.nvm/versions/node/v11.10.0/bin/node /home/caelin/.nvm/versions/node/v11.10.0/bin/firebase deploy --only functions
[debug] [2019-06-13T16:04:41.058Z] CLI Version:   6.10.0
[debug] [2019-06-13T16:04:41.058Z] Platform:      linux
[debug] [2019-06-13T16:04:41.058Z] Node Version:  v11.10.0
[debug] [2019-06-13T16:04:41.058Z] Time:          Thu Jun 13 2019 09:04:41 GMT-0700 (Pacific Daylight Time)
[debug] [2019-06-13T16:04:41.058Z] ----------------------------------------------------------------------
[debug] 
[debug] [2019-06-13T16:04:41.063Z] > command requires scopes: ["email","openid","https://www.googleapis.com/auth/cloudplatformprojects.readonly","https://www.googleapis.com/auth/firebase","https://www.googleapis.com/auth/cloud-platform"]
[debug] [2019-06-13T16:04:41.063Z] > authorizing via signed-in user
[debug] [2019-06-13T16:04:41.064Z] [iam] checking project bioseer-c55f5 for permissions ["cloudfunctions.functions.create","cloudfunctions.functions.delete","cloudfunctions.functions.get","cloudfunctions.functions.list","cloudfunctions.functions.update","cloudfunctions.operations.get","firebase.projects.get"]
[debug] [2019-06-13T16:04:41.065Z] >>> HTTP REQUEST POST https://cloudresourcemanager.googleapis.com/v1/projects/bioseer-c55f5:testIamPermissions  

[debug] [2019-06-13T16:04:41.618Z] <<< HTTP RESPONSE 200
[info] 
[info] === Deploying to 'bioseer-c55f5'...
[info] 
[info] i  deploying functions
[info] Running command: npm --prefix "$RESOURCE_DIR" run lint
[info] ✔  functions: Finished running predeploy script.
[debug] [2019-06-13T16:04:43.553Z] > [functions] package.json contents: {
  "name": "functions",
  "description": "Cloud Functions for Firebase",
  "scripts": {
    "lint": "eslint .",
    "serve": "firebase serve --only functions",
    "shell": "firebase functions:shell",
    "start": "npm run shell",
    "deploy": "firebase deploy --only functions",
    "logs": "firebase functions:log"
  },
  "main": "./index.js",
  "dependencies": {
    "bcryptjs": "^2.4.3",
    "cors": "^2.8.5",
    "express-jwt": "^5.3.1",
    "firebase-admin": "~7.0.0",
    "firebase-functions": "^3.0.1",
    "http": "0.0.0",
    "mongoose": "^5.5.15",
    "path": "^0.12.7",
    "rootpath": "^0.1.2"
  },
  "devDependencies": {
    "eslint": "^5.12.0",
    "eslint-plugin-promise": "^4.0.1"
  },
  "lint-staged": {
    "*.{js,json,css}": [
      "prettier --write",
      "git add"
    ]
  },
  "engines": {
    "node": "10"
  },
  "private": true
}
[info] i  functions: ensuring necessary APIs are enabled...
[debug] [2019-06-13T16:04:43.553Z] >>> HTTP REQUEST GET https://servicemanagement.googleapis.com/v1/services/cloudfunctions.googleapis.com/projectSettings/bioseer-c55f5?view=CONSUMER_VIEW  
 
[debug] [2019-06-13T16:04:43.554Z] >>> HTTP REQUEST GET https://servicemanagement.googleapis.com/v1/services/runtimeconfig.googleapis.com/projectSettings/bioseer-c55f5?view=CONSUMER_VIEW  
 
[debug] [2019-06-13T16:04:44.578Z] <<< HTTP RESPONSE 200
[debug] [2019-06-13T16:04:44.675Z] <<< HTTP RESPONSE 200
[info] ✔  functions: all necessary APIs are enabled
[debug] [2019-06-13T16:04:44.677Z] >>> HTTP REQUEST GET https://cloudresourcemanager.googleapis.com/v1/projects/bioseer-c55f5  
 
[debug] [2019-06-13T16:04:45.117Z] <<< HTTP RESPONSE 200
[debug] [2019-06-13T16:04:45.118Z] >>> HTTP REQUEST GET https://mobilesdk-pa.googleapis.com/v1/projects/222562557771:getServerAppConfig  
 
[debug] [2019-06-13T16:04:45.527Z] <<< HTTP RESPONSE 200
[info] i  functions: preparing functions directory for uploading...
[debug] [2019-06-13T16:04:45.532Z] >>> HTTP REQUEST GET https://runtimeconfig.googleapis.com/v1beta1/projects/bioseer-c55f5/configs  
 
[debug] [2019-06-13T16:04:46.658Z] <<< HTTP RESPONSE 200
[info] i  functions: packaged functions (49.45 KB) for uploading
[debug] [2019-06-13T16:04:47.057Z] >>> HTTP REQUEST POST https://cloudfunctions.googleapis.com/v1/projects/bioseer-c55f5/locations/us-central1/functions:generateUploadUrl  
 
[debug] [2019-06-13T16:04:47.541Z] <<< HTTP RESPONSE 200
[debug] [2019-06-13T16:04:47.543Z] >>> HTTP REQUEST PUT https://storage.googleapis.com/gcf-upload-us-central1-f255a504-dc88-48e7-bf2f-c77e119d14a2/dd7936dc-f7f9-4625-9d89-74ecb82c4332.zip?GoogleAccessId=service-222562557771@gcf-admin-robot.iam.gserviceaccount.com&Expires=1560443687&Signature=c3I2m%2FoFrlrjdZ%2BE7U5MzYwyWlH6BpGIkjilrYpGwCh7Ztk3m2cU18jtxoIQQ5eFUoVqZ%2FDFuKmGJu%2Brv%2B8Fq4Lyu6tF9OFzwR0hGG3UQiKiopf3RHrZlUEqTpoy%2F27hp1qTI3qxz5Zl1e5MEhSqrvpkOgFKyrA5MqJRMPolS%2Bev%2FvsI6dCRAoe%2BIKEsxu17MsXF8PVGKvEqNr5SoWYFSNJBIDjfR%2Bi7ZVfkzB%2FL4a8XZM0Y4nYWFC9i6hNjsxlq4EvNob6FSjieO92%2FvU%2FsgpPIaBSnG%2BmZcEsatu%2FNLPrKNgKsxVJR%2FSR7W%2FTrydOhTOFHSx7evQ%2FvdWSFDMuNCg%3D%3D  

[debug] [2019-06-13T16:04:48.155Z] <<< HTTP RESPONSE 200
[info] ✔  functions: functions folder uploaded successfully
[debug] [2019-06-13T16:04:48.159Z] >>> HTTP REQUEST GET https://cloudfunctions.googleapis.com/v1/projects/bioseer-c55f5/locations/-/functions  
 
[debug] [2019-06-13T16:04:48.804Z] <<< HTTP RESPONSE 200
[info] i  functions: updating Node.js 10 (Beta) function converter(us-central1)...
[debug] [2019-06-13T16:04:48.808Z] Trigger is:  {"httpsTrigger":{}}
[debug] [2019-06-13T16:04:48.809Z] >>> HTTP REQUEST GET https://servicemanagement.googleapis.com/v1/services/cloudscheduler.googleapis.com/projectSettings/bioseer-c55f5?view=CONSUMER_VIEW  
 
[debug] [2019-06-13T16:04:49.770Z] <<< HTTP RESPONSE 200
[debug] [2019-06-13T16:04:49.772Z] >>> HTTP REQUEST PATCH https://cloudfunctions.googleapis.com/v1/projects/bioseer-c55f5/locations/us-central1/functions/converter {"updateMask":"sourceUploadUrl,name,labels,runtime,httpsTrigger"} 

[debug] [2019-06-13T16:04:50.341Z] <<< HTTP RESPONSE 200
[debug] [2019-06-13T16:04:50.345Z] >>> HTTP REQUEST GET https://cloudfunctions.googleapis.com/v1/projects/bioseer-c55f5/locations/-/functions  
 
[debug] [2019-06-13T16:04:51.061Z] <<< HTTP RESPONSE 200
[debug] [2019-06-13T16:04:51.063Z] >>> HTTP REQUEST GET https://cloudfunctions.googleapis.com/v1/operations/Ymlvc2Vlci1jNTVmNS91cy1jZW50cmFsMS9jb252ZXJ0ZXIvb25MeUdLMWJLbG8  
 
[debug] [2019-06-13T16:04:51.450Z] <<< HTTP RESPONSE 200
[debug] [2019-06-13T16:04:53.454Z] >>> HTTP REQUEST GET https://cloudfunctions.googleapis.com/v1/operations/Ymlvc2Vlci1jNTVmNS91cy1jZW50cmFsMS9jb252ZXJ0ZXIvb25MeUdLMWJLbG8  
 
[debug] [2019-06-13T16:04:53.856Z] <<< HTTP RESPONSE 200
[debug] [2019-06-13T16:04:55.859Z] >>> HTTP REQUEST GET https://cloudfunctions.googleapis.com/v1/operations/Ymlvc2Vlci1jNTVmNS91cy1jZW50cmFsMS9jb252ZXJ0ZXIvb25MeUdLMWJLbG8  
 
[debug] [2019-06-13T16:04:56.233Z] <<< HTTP RESPONSE 200
[debug] [2019-06-13T16:04:58.237Z] >>> HTTP REQUEST GET https://cloudfunctions.googleapis.com/v1/operations/Ymlvc2Vlci1jNTVmNS91cy1jZW50cmFsMS9jb252ZXJ0ZXIvb25MeUdLMWJLbG8  
 
[debug] [2019-06-13T16:04:58.616Z] <<< HTTP RESPONSE 200
[debug] [2019-06-13T16:05:00.619Z] >>> HTTP REQUEST GET https://cloudfunctions.googleapis.com/v1/operations/Ymlvc2Vlci1jNTVmNS91cy1jZW50cmFsMS9jb252ZXJ0ZXIvb25MeUdLMWJLbG8  
 
[debug] [2019-06-13T16:05:01.079Z] <<< HTTP RESPONSE 200
[debug] [2019-06-13T16:05:03.082Z] >>> HTTP REQUEST GET https://cloudfunctions.googleapis.com/v1/operations/Ymlvc2Vlci1jNTVmNS91cy1jZW50cmFsMS9jb252ZXJ0ZXIvb25MeUdLMWJLbG8  
 
[debug] [2019-06-13T16:05:03.440Z] <<< HTTP RESPONSE 200
[debug] [2019-06-13T16:05:05.443Z] >>> HTTP REQUEST GET https://cloudfunctions.googleapis.com/v1/operations/Ymlvc2Vlci1jNTVmNS91cy1jZW50cmFsMS9jb252ZXJ0ZXIvb25MeUdLMWJLbG8  
 
[debug] [2019-06-13T16:05:05.822Z] <<< HTTP RESPONSE 200
[debug] [2019-06-13T16:05:07.825Z] >>> HTTP REQUEST GET https://cloudfunctions.googleapis.com/v1/operations/Ymlvc2Vlci1jNTVmNS91cy1jZW50cmFsMS9jb252ZXJ0ZXIvb25MeUdLMWJLbG8  
 
[debug] [2019-06-13T16:05:08.192Z] <<< HTTP RESPONSE 200
[debug] [2019-06-13T16:05:10.194Z] >>> HTTP REQUEST GET https://cloudfunctions.googleapis.com/v1/operations/Ymlvc2Vlci1jNTVmNS91cy1jZW50cmFsMS9jb252ZXJ0ZXIvb25MeUdLMWJLbG8  
 
[debug] [2019-06-13T16:05:10.557Z] <<< HTTP RESPONSE 200
[debug] [2019-06-13T16:05:12.561Z] >>> HTTP REQUEST GET https://cloudfunctions.googleapis.com/v1/operations/Ymlvc2Vlci1jNTVmNS91cy1jZW50cmFsMS9jb252ZXJ0ZXIvb25MeUdLMWJLbG8  
 
[debug] [2019-06-13T16:05:13.202Z] <<< HTTP RESPONSE 200
[debug] [2019-06-13T16:05:15.203Z] >>> HTTP REQUEST GET https://cloudfunctions.googleapis.com/v1/operations/Ymlvc2Vlci1jNTVmNS91cy1jZW50cmFsMS9jb252ZXJ0ZXIvb25MeUdLMWJLbG8  
 
[debug] [2019-06-13T16:05:15.679Z] <<< HTTP RESPONSE 200
[debug] [2019-06-13T16:05:17.681Z] >>> HTTP REQUEST GET https://cloudfunctions.googleapis.com/v1/operations/Ymlvc2Vlci1jNTVmNS91cy1jZW50cmFsMS9jb252ZXJ0ZXIvb25MeUdLMWJLbG8  
 
[debug] [2019-06-13T16:05:18.042Z] <<< HTTP RESPONSE 200
[debug] [2019-06-13T16:05:20.045Z] >>> HTTP REQUEST GET https://cloudfunctions.googleapis.com/v1/operations/Ymlvc2Vlci1jNTVmNS91cy1jZW50cmFsMS9jb252ZXJ0ZXIvb25MeUdLMWJLbG8  
 
[debug] [2019-06-13T16:05:20.802Z] <<< HTTP RESPONSE 200
[debug] [2019-06-13T16:05:22.803Z] >>> HTTP REQUEST GET https://cloudfunctions.googleapis.com/v1/operations/Ymlvc2Vlci1jNTVmNS91cy1jZW50cmFsMS9jb252ZXJ0ZXIvb25MeUdLMWJLbG8  
 
[debug] [2019-06-13T16:05:23.168Z] <<< HTTP RESPONSE 200
[debug] [2019-06-13T16:05:25.171Z] >>> HTTP REQUEST GET https://cloudfunctions.googleapis.com/v1/operations/Ymlvc2Vlci1jNTVmNS91cy1jZW50cmFsMS9jb252ZXJ0ZXIvb25MeUdLMWJLbG8  
 
[debug] [2019-06-13T16:05:25.497Z] <<< HTTP RESPONSE 200
[debug] [2019-06-13T16:05:27.500Z] >>> HTTP REQUEST GET https://cloudfunctions.googleapis.com/v1/operations/Ymlvc2Vlci1jNTVmNS91cy1jZW50cmFsMS9jb252ZXJ0ZXIvb25MeUdLMWJLbG8  
 
[debug] [2019-06-13T16:05:27.861Z] <<< HTTP RESPONSE 200
[debug] [2019-06-13T16:05:29.863Z] >>> HTTP REQUEST GET https://cloudfunctions.googleapis.com/v1/operations/Ymlvc2Vlci1jNTVmNS91cy1jZW50cmFsMS9jb252ZXJ0ZXIvb25MeUdLMWJLbG8  
 
[debug] [2019-06-13T16:05:30.282Z] <<< HTTP RESPONSE 200
[debug] [2019-06-13T16:05:32.285Z] >>> HTTP REQUEST GET https://cloudfunctions.googleapis.com/v1/operations/Ymlvc2Vlci1jNTVmNS91cy1jZW50cmFsMS9jb252ZXJ0ZXIvb25MeUdLMWJLbG8  
 
[debug] [2019-06-13T16:05:32.639Z] <<< HTTP RESPONSE 200
[debug] [2019-06-13T16:05:34.640Z] >>> HTTP REQUEST GET https://cloudfunctions.googleapis.com/v1/operations/Ymlvc2Vlci1jNTVmNS91cy1jZW50cmFsMS9jb252ZXJ0ZXIvb25MeUdLMWJLbG8  
 
[debug] [2019-06-13T16:05:35.032Z] <<< HTTP RESPONSE 200
[debug] [2019-06-13T16:05:37.035Z] >>> HTTP REQUEST GET https://cloudfunctions.googleapis.com/v1/operations/Ymlvc2Vlci1jNTVmNS91cy1jZW50cmFsMS9jb252ZXJ0ZXIvb25MeUdLMWJLbG8  
 
[debug] [2019-06-13T16:05:37.345Z] <<< HTTP RESPONSE 200
[debug] [2019-06-13T16:05:39.348Z] >>> HTTP REQUEST GET https://cloudfunctions.googleapis.com/v1/operations/Ymlvc2Vlci1jNTVmNS91cy1jZW50cmFsMS9jb252ZXJ0ZXIvb25MeUdLMWJLbG8  
 
[debug] [2019-06-13T16:05:39.719Z] <<< HTTP RESPONSE 200
[debug] [2019-06-13T16:05:41.723Z] >>> HTTP REQUEST GET https://cloudfunctions.googleapis.com/v1/operations/Ymlvc2Vlci1jNTVmNS91cy1jZW50cmFsMS9jb252ZXJ0ZXIvb25MeUdLMWJLbG8  
 
[debug] [2019-06-13T16:05:42.101Z] <<< HTTP RESPONSE 200
[debug] [2019-06-13T16:05:44.104Z] >>> HTTP REQUEST GET https://cloudfunctions.googleapis.com/v1/operations/Ymlvc2Vlci1jNTVmNS91cy1jZW50cmFsMS9jb252ZXJ0ZXIvb25MeUdLMWJLbG8  
 
[debug] [2019-06-13T16:05:44.456Z] <<< HTTP RESPONSE 200
[debug] [2019-06-13T16:05:46.459Z] >>> HTTP REQUEST GET https://cloudfunctions.googleapis.com/v1/operations/Ymlvc2Vlci1jNTVmNS91cy1jZW50cmFsMS9jb252ZXJ0ZXIvb25MeUdLMWJLbG8  
 
[debug] [2019-06-13T16:05:46.829Z] <<< HTTP RESPONSE 200
[debug] [2019-06-13T16:05:48.834Z] >>> HTTP REQUEST GET https://cloudfunctions.googleapis.com/v1/operations/Ymlvc2Vlci1jNTVmNS91cy1jZW50cmFsMS9jb252ZXJ0ZXIvb25MeUdLMWJLbG8  
 
[debug] [2019-06-13T16:05:49.234Z] <<< HTTP RESPONSE 200
[debug] [2019-06-13T16:05:51.237Z] >>> HTTP REQUEST GET https://cloudfunctions.googleapis.com/v1/operations/Ymlvc2Vlci1jNTVmNS91cy1jZW50cmFsMS9jb252ZXJ0ZXIvb25MeUdLMWJLbG8  
 
[debug] [2019-06-13T16:05:51.615Z] <<< HTTP RESPONSE 200
[debug] [2019-06-13T16:05:53.618Z] >>> HTTP REQUEST GET https://cloudfunctions.googleapis.com/v1/operations/Ymlvc2Vlci1jNTVmNS91cy1jZW50cmFsMS9jb252ZXJ0ZXIvb25MeUdLMWJLbG8  
 
[debug] [2019-06-13T16:05:53.978Z] <<< HTTP RESPONSE 200
[debug] [2019-06-13T16:05:55.979Z] >>> HTTP REQUEST GET https://cloudfunctions.googleapis.com/v1/operations/Ymlvc2Vlci1jNTVmNS91cy1jZW50cmFsMS9jb252ZXJ0ZXIvb25MeUdLMWJLbG8  
 
[debug] [2019-06-13T16:05:56.368Z] <<< HTTP RESPONSE 200
[debug] [2019-06-13T16:05:58.371Z] >>> HTTP REQUEST GET https://cloudfunctions.googleapis.com/v1/operations/Ymlvc2Vlci1jNTVmNS91cy1jZW50cmFsMS9jb252ZXJ0ZXIvb25MeUdLMWJLbG8  
 
[debug] [2019-06-13T16:05:58.746Z] <<< HTTP RESPONSE 200
[debug] [2019-06-13T16:06:00.747Z] >>> HTTP REQUEST GET https://cloudfunctions.googleapis.com/v1/operations/Ymlvc2Vlci1jNTVmNS91cy1jZW50cmFsMS9jb252ZXJ0ZXIvb25MeUdLMWJLbG8  
 
[debug] [2019-06-13T16:06:01.117Z] <<< HTTP RESPONSE 200
[debug] [2019-06-13T16:06:03.118Z] >>> HTTP REQUEST GET https://cloudfunctions.googleapis.com/v1/operations/Ymlvc2Vlci1jNTVmNS91cy1jZW50cmFsMS9jb252ZXJ0ZXIvb25MeUdLMWJLbG8  
 
[debug] [2019-06-13T16:06:03.528Z] <<< HTTP RESPONSE 200
[debug] [2019-06-13T16:06:05.532Z] >>> HTTP REQUEST GET https://cloudfunctions.googleapis.com/v1/operations/Ymlvc2Vlci1jNTVmNS91cy1jZW50cmFsMS9jb252ZXJ0ZXIvb25MeUdLMWJLbG8  
 
[debug] [2019-06-13T16:06:05.899Z] <<< HTTP RESPONSE 200
[debug] [2019-06-13T16:06:07.903Z] >>> HTTP REQUEST GET https://cloudfunctions.googleapis.com/v1/operations/Ymlvc2Vlci1jNTVmNS91cy1jZW50cmFsMS9jb252ZXJ0ZXIvb25MeUdLMWJLbG8  
 
[debug] [2019-06-13T16:06:08.207Z] <<< HTTP RESPONSE 200
[debug] [2019-06-13T16:06:10.210Z] >>> HTTP REQUEST GET https://cloudfunctions.googleapis.com/v1/operations/Ymlvc2Vlci1jNTVmNS91cy1jZW50cmFsMS9jb252ZXJ0ZXIvb25MeUdLMWJLbG8  
 
