[debug] [2019-06-16T04:50:41.454Z] ----------------------------------------------------------------------
[debug] [2019-06-16T04:50:41.455Z] Command:       /home/caelin/.nvm/versions/node/v10.16.0/bin/node /home/caelin/.nvm/versions/node/v10.16.0/bin/firebase deploy
[debug] [2019-06-16T04:50:41.456Z] CLI Version:   7.0.0
[debug] [2019-06-16T04:50:41.456Z] Platform:      linux
[debug] [2019-06-16T04:50:41.456Z] Node Version:  v10.16.0
[debug] [2019-06-16T04:50:41.456Z] Time:          Sat Jun 15 2019 21:50:41 GMT-0700 (Pacific Daylight Time)
[debug] [2019-06-16T04:50:41.456Z] ----------------------------------------------------------------------
[debug] 
[debug] [2019-06-16T04:50:41.464Z] > command requires scopes: ["email","openid","https://www.googleapis.com/auth/cloudplatformprojects.readonly","https://www.googleapis.com/auth/firebase","https://www.googleapis.com/auth/cloud-platform"]
[debug] [2019-06-16T04:50:41.464Z] > authorizing via signed-in user
[debug] [2019-06-16T04:50:41.464Z] [iam] checking project bioseer-c55f5 for permissions ["cloudfunctions.functions.create","cloudfunctions.functions.delete","cloudfunctions.functions.get","cloudfunctions.functions.list","cloudfunctions.functions.update","cloudfunctions.operations.get","firebase.projects.get","firebasehosting.sites.update"]
[debug] [2019-06-16T04:50:41.465Z] > refreshing access token with scopes: ["email","https://www.googleapis.com/auth/cloud-platform","https://www.googleapis.com/auth/cloudplatformprojects.readonly","https://www.googleapis.com/auth/firebase","openid"]
[debug] [2019-06-16T04:50:41.465Z] >>> HTTP REQUEST POST https://www.googleapis.com/oauth2/v3/token  
 <request body omitted>
[debug] [2019-06-16T04:50:41.841Z] <<< HTTP RESPONSE 200
[debug] [2019-06-16T04:50:41.846Z] >>> HTTP REQUEST POST https://cloudresourcemanager.googleapis.com/v1/projects/bioseer-c55f5:testIamPermissions  

[debug] [2019-06-16T04:50:42.263Z] <<< HTTP RESPONSE 200
[debug] [2019-06-16T04:50:42.266Z] >>> HTTP REQUEST GET https://firebase.googleapis.com/v1beta1/projects/bioseer-c55f5  
 
[debug] [2019-06-16T04:50:42.721Z] <<< HTTP RESPONSE 200
[info] 
[info] === Deploying to 'bioseer-c55f5'...
[info] 
[info] i  deploying functions, hosting
[info] Running command: npm --prefix "$RESOURCE_DIR" run lint
[info] ✔  functions: Finished running predeploy script.
[debug] [2019-06-16T04:50:44.707Z] > [functions] package.json contents: {
  "name": "functions",
  "description": "Cloud Functions for Firebase",
  "scripts": {
    "lint": "eslint .",
    "serve": "firebase serve --only functions",
    "shell": "firebase functions:shell",
    "start": "npm run shell",
    "deploy": "firebase deploy --only functions",
    "logs": "firebase functions:log"
  },
  "main": "./index.js",
  "dependencies": {
    "bcryptjs": "^2.4.3",
    "cors": "^2.8.5",
    "express-jwt": "^5.3.1",
    "firebase-admin": "~7.0.0",
    "firebase-functions": "^3.0.1",
    "http": "0.0.0",
    "mongoose": "^5.5.15",
    "path": "^0.12.7",
    "rootpath": "^0.1.2"
  },
  "devDependencies": {
    "eslint": "^5.12.0",
    "eslint-plugin-promise": "^4.0.1",
    "firebase-functions-test": "^0.1.6"
  },
  "lint-staged": {
    "*.{js,json,css}": [
      "prettier --write",
      "git add"
    ]
  },
  "engines": {
    "node": "10"
  },
  "private": true
}
[info] i  functions: ensuring necessary APIs are enabled...
[debug] [2019-06-16T04:50:44.708Z] >>> HTTP REQUEST GET https://servicemanagement.googleapis.com/v1/services/cloudfunctions.googleapis.com/projectSettings/bioseer-c55f5?view=CONSUMER_VIEW  
 
[debug] [2019-06-16T04:50:44.708Z] >>> HTTP REQUEST GET https://servicemanagement.googleapis.com/v1/services/runtimeconfig.googleapis.com/projectSettings/bioseer-c55f5?view=CONSUMER_VIEW  
 
[debug] [2019-06-16T04:50:45.643Z] <<< HTTP RESPONSE 200
[debug] [2019-06-16T04:50:45.803Z] <<< HTTP RESPONSE 200
[info] ✔  functions: all necessary APIs are enabled
[debug] [2019-06-16T04:50:45.805Z] >>> HTTP REQUEST GET https://cloudresourcemanager.googleapis.com/v1/projects/bioseer-c55f5  
 
[debug] [2019-06-16T04:50:46.155Z] <<< HTTP RESPONSE 200
[debug] [2019-06-16T04:50:46.156Z] >>> HTTP REQUEST GET https://mobilesdk-pa.googleapis.com/v1/projects/222562557771:getServerAppConfig  
 
[debug] [2019-06-16T04:50:46.605Z] <<< HTTP RESPONSE 200
[debug] [2019-06-16T04:50:46.608Z] >>> HTTP REQUEST POST https://firebasehosting.googleapis.com/v1beta1/sites/bioseer-c55f5/versions  

[debug] [2019-06-16T04:50:47.642Z] <<< HTTP RESPONSE 200
[info] i  functions: preparing functions directory for uploading...
[debug] [2019-06-16T04:50:47.646Z] >>> HTTP REQUEST GET https://runtimeconfig.googleapis.com/v1beta1/projects/bioseer-c55f5/configs  
 
[debug] [2019-06-16T04:50:48.504Z] <<< HTTP RESPONSE 200
[debug] [2019-06-16T04:50:48.505Z] >>> HTTP REQUEST GET https://runtimeconfig.googleapis.com/v1beta1/projects/bioseer-c55f5/configs/bioseer/variables  
 
[debug] [2019-06-16T04:50:48.952Z] <<< HTTP RESPONSE 200
[debug] [2019-06-16T04:50:48.954Z] >>> HTTP REQUEST GET https://runtimeconfig.googleapis.com/v1beta1/projects/bioseer-c55f5/configs/bioseer/variables/key  
 
[debug] [2019-06-16T04:50:48.954Z] >>> HTTP REQUEST GET https://runtimeconfig.googleapis.com/v1beta1/projects/bioseer-c55f5/configs/bioseer/variables/port  
 
[debug] [2019-06-16T04:50:48.955Z] >>> HTTP REQUEST GET https://runtimeconfig.googleapis.com/v1beta1/projects/bioseer-c55f5/configs/bioseer/variables/accountname  
 
[debug] [2019-06-16T04:50:48.955Z] >>> HTTP REQUEST GET https://runtimeconfig.googleapis.com/v1beta1/projects/bioseer-c55f5/configs/bioseer/variables/databasename  
 
[debug] [2019-06-16T04:50:49.335Z] <<< HTTP RESPONSE 200
[debug] [2019-06-16T04:50:49.390Z] <<< HTTP RESPONSE 200
[debug] [2019-06-16T04:50:49.549Z] <<< HTTP RESPONSE 200
[debug] [2019-06-16T04:50:49.550Z] <<< HTTP RESPONSE 200
[info] i  functions: packaged functions (49.71 KB) for uploading
[debug] [2019-06-16T04:50:50.031Z] >>> HTTP REQUEST POST https://cloudfunctions.googleapis.com/v1/projects/bioseer-c55f5/locations/us-central1/functions:generateUploadUrl  
 
[debug] [2019-06-16T04:50:50.661Z] <<< HTTP RESPONSE 200
[debug] [2019-06-16T04:50:50.662Z] >>> HTTP REQUEST PUT https://storage.googleapis.com/gcf-upload-us-central1-f255a504-dc88-48e7-bf2f-c77e119d14a2/7061030f-94dd-49a0-8b12-69172fce4638.zip?GoogleAccessId=service-222562557771@gcf-admin-robot.iam.gserviceaccount.com&Expires=1560662450&Signature=HQ%2FYa7K%2B00yyWLJ4wkh1%2B7MyKPppeIyJNTRX6ATFbBeHC2VNd%2FCOC%2BLqiyq%2FwhTT4QpwwNRW%2F3zkHIowD1blydsaHp2zLERdKF8RZjKNnAN%2FWYL2JLne7mqND2wFmypFDpWkKiKMqjAF8sSE6JGEoeHtTiaynIIBXY7R3FqO%2FfS4FVAKrrlzPleYWyflxrdBIfF09tFr1cZTp5ltCR9P7WY1664Ur8IBij0YEcPFqnweiIPM2%2BBqqXaOlcvW3lsTGnAgzog8u7%2FSwvPN%2FgPouDv9m2%2BPdNoRBUAJyGFDHP49USCC8ReuqC%2FxYocdR3qlQ9wb8NbC0gFHrl%2FiawCllA%3D%3D  

[debug] [2019-06-16T04:50:51.321Z] <<< HTTP RESPONSE 200
[info] ✔  functions: functions folder uploaded successfully
[info] i  hosting[bioseer-c55f5]: beginning deploy...
[info] i  hosting[bioseer-c55f5]: found 59 files in dist/Bioseer-Web-Interface
[debug] [2019-06-16T04:50:51.348Z] [hosting] hash cache [ZGlzdC9CaW9zZWVyLVdlYi1JbnRlcmZhY2U] load error: lines is not defined
[debug] [2019-06-16T04:50:53.724Z] [hosting] hash cache [ZGlzdC9CaW9zZWVyLVdlYi1JbnRlcmZhY2U] stored for 59 files
[debug] [2019-06-16T04:50:53.724Z] [hosting][hash queue][FINAL]
[debug] [2019-06-16T04:50:53.724Z] >>> HTTP REQUEST POST https://firebasehosting.googleapis.com/v1beta1/sites/bioseer-c55f5/versions/0eb518c32e8b627c:populateFiles  
 <request body omitted>
[debug] [2019-06-16T04:50:54.450Z] <<< HTTP RESPONSE 200
[debug] [2019-06-16T04:50:54.484Z] [hosting][populate queue][FINAL]
[debug] [2019-06-16T04:50:54.484Z] [hosting] uploads queued: 40
[debug] [2019-06-16T04:51:41.535Z] [uploadQueue] Retrying task 3c5e2ce7f9ee12c457eeca5f1ff9da3b713a94cbeb71aec12ba1c0b5b8811c74
[debug] [2019-06-16T04:51:43.589Z] [uploadQueue] Retrying task ea6247748c1b8ad690abbdb5467ec6266cf744b14e4a142c28d1fa325bdc487f
[debug] [2019-06-16T04:51:44.905Z] [uploadQueue] Retrying task a63806ce3a48126db92bee615c5ca2b27610c55a7c2f394eb5a029bc4f64f0ae
[debug] [2019-06-16T04:52:06.586Z] [uploadQueue] Retrying task 3c5e2ce7f9ee12c457eeca5f1ff9da3b713a94cbeb71aec12ba1c0b5b8811c74
[debug] [2019-06-16T04:52:11.241Z] [uploadQueue] Retrying task a63806ce3a48126db92bee615c5ca2b27610c55a7c2f394eb5a029bc4f64f0ae
